{"logTime": "0602/211327", "correlationVector":"Viy/SbXpSJhHf6gHH+SbVv.0","action":"FeedSettingFetch_homeCloud", "result":"0", "context":{}}
{"logTime": "0602/211330", "correlationVector":"LfCUPvpteBBKsem+wrYkal.1","action":"SyncServerConnectionManagerRequest", "result":"SYNC_SERVER_OK", "context":{"environment":"48F630A6-CB1B-4CC7-86AF-0F6627234B58", "server":"BY3PEPF00008E4D"}}
{"logTime": "0602/211332", "correlationVector":"LfCUPvpteBBKsem+wrYkal.2","action":"AAD.Mip.Unpack", "result":"Success", "context":MIP_CLOUD_COMMERCIAL:Success}
{"logTime": "0602/211332", "correlationVector":"LfCUPvpteBBKsem+wrYkal.3","action":"AAD.GetKeyResponse", "result":"Success", "context":Keys=3.LastKeyStatus=Normal. 2022-04-14 16:16:10 -03.State=None}
{"logTime": "0602/211332", "correlationVector":"LfCUPvpteBBKsem+wrYkal","action":"Initial GetUpdates", "result":""}
{"logTime": "0602/211332", "correlationVector":"LfCUPvpteBBKsem+wrYkal.4","action":"GetUpdates Response", "result":"SYNCER_OK"}
{"logTime": "0602/211332", "correlationVector":"nLNbluWZT+uVpXO9FArS2D","action":"Initial GetUpdates", "result":""}
{"logTime": "0602/211333", "correlationVector":"nLNbluWZT+uVpXO9FArS2D.1","action":"SyncServerConnectionManagerRequest", "result":"SYNC_SERVER_OK", "context":{"environment":"48F630A6-CB1B-4CC7-86AF-0F6627234B58", "server":"BY3PEPF00008E3E"}}
{"logTime": "0602/211334", "correlationVector":"nLNbluWZT+uVpXO9FArS2D.2","action":"GetUpdates Response", "result":"SYNCER_OK"}
{"logTime": "0602/211334", "correlationVector":"gJPpgX0JiP27HEHKngkmO4","action":"Initial GetUpdates", "result":""}
{"logTime": "0602/211334", "correlationVector":"gJPpgX0JiP27HEHKngkmO4.1","action":"SyncServerConnectionManagerRequest", "result":"SYNC_SERVER_OK", "context":{"environment":"48F630A6-CB1B-4CC7-86AF-0F6627234B58", "server":"BY3PEPF00008E3E"}}
{"logTime": "0602/211334", "correlationVector":"gJPpgX0JiP27HEHKngkmO4.2","action":"GetUpdates Response", "result":"SYNCER_OK"}
{"logTime": "0602/211334", "correlationVector":"V8h3Pcwg7krY7AFoXyIuis","action":"Normal GetUpdate request", "result":""}
{"logTime": "0602/211334", "correlationVector":"V8h3Pcwg7krY7AFoXyIuis.1","action":"SyncServerConnectionManagerRequest", "result":"SYNC_SERVER_OK", "context":{"environment":"48F630A6-CB1B-4CC7-86AF-0F6627234B58", "server":"BY3PEPF00008E3E"}}
{"logTime": "0602/211334", "correlationVector":"V8h3Pcwg7krY7AFoXyIuis.2","action":"GetUpdates Response", "result":"SYNCER_OK"}
{"logTime": "0602/211334", "correlationVector":"jtCfLChckSeqUV5fZvdJPX","action":"Commit Request", "result":""}
{"logTime": "0602/211334", "correlationVector":"jtCfLChckSeqUV5fZvdJPX.1","action":"SyncServerConnectionManagerRequest", "result":"SYNC_SERVER_OK", "context":{"environment":"48F630A6-CB1B-4CC7-86AF-0F6627234B58", "server":"BY3PEPF00008E3E"}}
{"logTime": "0602/211334", "correlationVector":"jtCfLChckSeqUV5fZvdJPX.2","action":"Commit Response", "result":"SYNCER_OK"}
{"logTime": "0602/211334", "correlationVector":"Z+jWiugT6Lougr10z5NcUy","action":"Commit Request", "result":""}
{"logTime": "0602/211335", "correlationVector":"Z+jWiugT6Lougr10z5NcUy.1","action":"SyncServerConnectionManagerRequest", "result":"SYNC_SERVER_OK", "context":{"environment":"48F630A6-CB1B-4CC7-86AF-0F6627234B58", "server":"BY3PEPF00008E3E"}}
{"logTime": "0602/211335", "correlationVector":"Z+jWiugT6Lougr10z5NcUy.2","action":"Commit Response", "result":"SYNCER_OK"}
{"logTime": "0602/211700", "correlationVector":"Qpycpj3B6uY1atWvwVMwBd.0","action":"FeedSettingFetch_homeCloud", "result":"0", "context":{}}
{"logTime": "0602/211700", "correlationVector":"pEOdhDLm5AMrlJpEjscNaF.1","action":"SyncServerConnectionManagerRequest", "result":"SYNC_SERVER_OK", "context":{"environment":"48F630A6-CB1B-4CC7-86AF-0F6627234B58", "server":"BN3PEPF0000427F"}}
{"logTime": "0602/211700", "correlationVector":"pEOdhDLm5AMrlJpEjscNaF.2","action":"AAD.Mip.Unpack", "result":"Success", "context":MIP_CLOUD_COMMERCIAL:Success}
{"logTime": "0602/211700", "correlationVector":"pEOdhDLm5AMrlJpEjscNaF.3","action":"AAD.GetKeyResponse", "result":"Success", "context":Keys=3.LastKeyStatus=Normal. 2022-04-14 16:16:10 -03.State=None}
{"logTime": "0602/211700", "correlationVector":"pEOdhDLm5AMrlJpEjscNaF","action":"Initial GetUpdates", "result":""}
{"logTime": "0602/211700", "correlationVector":"pEOdhDLm5AMrlJpEjscNaF.4","action":"GetUpdates Response", "result":"SYNCER_OK"}
{"logTime": "0602/211700", "correlationVector":"Fh88ZguVIRJAG8+Xs2SqeQ","action":"Normal GetUpdate request", "result":""}
{"logTime": "0602/211700", "correlationVector":"Fh88ZguVIRJAG8+Xs2SqeQ.1","action":"SyncServerConnectionManagerRequest", "result":"SYNC_SERVER_OK", "context":{"environment":"48F630A6-CB1B-4CC7-86AF-0F6627234B58", "server":"BN3PEPF00001C3A"}}
{"logTime": "0602/211700", "correlationVector":"Fh88ZguVIRJAG8+Xs2SqeQ.2","action":"GetUpdates Response", "result":"SYNCER_OK"}
{"logTime": "0602/212247", "correlationVector":"OpxY+b94fSmsS1Hugu4vhf.0","action":"FeedSettingFetch_homeCloud", "result":"0", "context":{}}
{"logTime": "0602/212247", "correlationVector":"XPXmPSd4QydPjvxirrBG6s.1","action":"SyncServerConnectionManagerRequest", "result":"SYNC_SERVER_OK", "context":{"environment":"48F630A6-CB1B-4CC7-86AF-0F6627234B58", "server":"BN3PEPF00004281"}}
{"logTime": "0602/212247", "correlationVector":"XPXmPSd4QydPjvxirrBG6s.2","action":"AAD.Mip.Unpack", "result":"Success", "context":MIP_CLOUD_COMMERCIAL:Success}
{"logTime": "0602/212247", "correlationVector":"XPXmPSd4QydPjvxirrBG6s.3","action":"AAD.GetKeyResponse", "result":"Success", "context":Keys=3.LastKeyStatus=Normal. 2022-04-14 16:16:10 -03.State=None}
{"logTime": "0602/212247", "correlationVector":"XPXmPSd4QydPjvxirrBG6s","action":"Initial GetUpdates", "result":""}
{"logTime": "0602/212247", "correlationVector":"XPXmPSd4QydPjvxirrBG6s.4","action":"GetUpdates Response", "result":"SYNCER_OK"}
{"logTime": "0602/212247", "correlationVector":"qEnXKZCK/+MPxvfmo2yJGR","action":"Normal GetUpdate request", "result":""}
{"logTime": "0602/212247", "correlationVector":"qEnXKZCK/+MPxvfmo2yJGR.1","action":"SyncServerConnectionManagerRequest", "result":"SYNC_SERVER_OK", "context":{"environment":"48F630A6-CB1B-4CC7-86AF-0F6627234B58", "server":"BN3PEPF00004281"}}
{"logTime": "0602/212247", "correlationVector":"qEnXKZCK/+MPxvfmo2yJGR.2","action":"GetUpdates Response", "result":"SYNCER_OK"}
{"logTime": "0602/213815", "correlationVector":"iLZWFOOJzpLnJqR8bFnkcb.0","action":"FeedSettingFetch_homeCloud", "result":"0", "context":{}}
{"logTime": "0602/213815", "correlationVector":"7fcBJpS1OBE+oktMUJU+Ag.1","action":"SyncServerConnectionManagerRequest", "result":"SYNC_SERVER_OK", "context":{"environment":"48F630A6-CB1B-4CC7-86AF-0F6627234B58", "server":"BN3PEPF0000427F"}}
{"logTime": "0602/213816", "correlationVector":"7fcBJpS1OBE+oktMUJU+Ag.2","action":"AAD.Mip.Unpack", "result":"Success", "context":MIP_CLOUD_COMMERCIAL:Success}
{"logTime": "0602/213816", "correlationVector":"7fcBJpS1OBE+oktMUJU+Ag.3","action":"AAD.GetKeyResponse", "result":"Success", "context":Keys=3.LastKeyStatus=Normal. 2022-04-14 16:16:10 -03.State=None}
{"logTime": "0602/213816", "correlationVector":"7fcBJpS1OBE+oktMUJU+Ag","action":"Initial GetUpdates", "result":""}
{"logTime": "0602/213816", "correlationVector":"7fcBJpS1OBE+oktMUJU+Ag.4","action":"GetUpdates Response", "result":"SYNCER_OK"}
{"logTime": "0602/213816", "correlationVector":"n87KgN2vwHGT1CwmxNQOy7","action":"Normal GetUpdate request", "result":""}
{"logTime": "0602/213816", "correlationVector":"n87KgN2vwHGT1CwmxNQOy7.1","action":"SyncServerConnectionManagerRequest", "result":"SYNC_SERVER_OK", "context":{"environment":"48F630A6-CB1B-4CC7-86AF-0F6627234B58", "server":"BN3PEPF00001C3B"}}
{"logTime": "0602/213816", "correlationVector":"n87KgN2vwHGT1CwmxNQOy7.2","action":"GetUpdates Response", "result":"SYNCER_OK"}
{"logTime": "0602/214223", "correlationVector":"HtCVIVFaQwRmhmtPN+/egD.0","action":"FeedSettingFetch_homeCloud", "result":"0", "context":{}}
{"logTime": "0602/214223", "correlationVector":"kVgCfxna+yYt7YyFucbNZk.1","action":"SyncServerConnectionManagerRequest", "result":"SYNC_SERVER_OK", "context":{"environment":"48F630A6-CB1B-4CC7-86AF-0F6627234B58", "server":"BN3PEPF00001C46"}}
{"logTime": "0602/214223", "correlationVector":"kVgCfxna+yYt7YyFucbNZk.2","action":"AAD.Mip.Unpack", "result":"Success", "context":MIP_CLOUD_COMMERCIAL:Success}
{"logTime": "0602/214223", "correlationVector":"kVgCfxna+yYt7YyFucbNZk.3","action":"AAD.GetKeyResponse", "result":"Success", "context":Keys=3.LastKeyStatus=Normal. 2022-04-14 16:16:10 -03.State=None}
{"logTime": "0602/214223", "correlationVector":"kVgCfxna+yYt7YyFucbNZk","action":"Initial GetUpdates", "result":""}
{"logTime": "0602/214223", "correlationVector":"kVgCfxna+yYt7YyFucbNZk.4","action":"GetUpdates Response", "result":"SYNCER_OK"}
{"logTime": "0602/214223", "correlationVector":"XDgDQ+HaAswTCZ1Gohm154","action":"Normal GetUpdate request", "result":""}
{"logTime": "0602/214223", "correlationVector":"XDgDQ+HaAswTCZ1Gohm154.1","action":"SyncServerConnectionManagerRequest", "result":"SYNC_SERVER_OK", "context":{"environment":"48F630A6-CB1B-4CC7-86AF-0F6627234B58", "server":"BN3PEPF00001C46"}}
{"logTime": "0602/214223", "correlationVector":"XDgDQ+HaAswTCZ1Gohm154.2","action":"GetUpdates Response", "result":"SYNCER_OK"}
{"logTime": "0602/214604", "correlationVector":"vQt7CdFWrfWOw9RPtoTRdT.0","action":"FeedSettingFetch_homeCloud", "result":"0", "context":{}}
{"logTime": "0602/214604", "correlationVector":"gH48e99iaWA5hh2bYvooqT.1","action":"SyncServerConnectionManagerRequest", "result":"SYNC_SERVER_OK", "context":{"environment":"48F630A6-CB1B-4CC7-86AF-0F6627234B58", "server":"BN3PEPF00004284"}}
{"logTime": "0602/214604", "correlationVector":"gH48e99iaWA5hh2bYvooqT.2","action":"AAD.Mip.Unpack", "result":"Success", "context":MIP_CLOUD_COMMERCIAL:Success}
{"logTime": "0602/214604", "correlationVector":"gH48e99iaWA5hh2bYvooqT.3","action":"AAD.GetKeyResponse", "result":"Success", "context":Keys=3.LastKeyStatus=Normal. 2022-04-14 16:16:10 -03.State=None}
{"logTime": "0602/214604", "correlationVector":"gH48e99iaWA5hh2bYvooqT","action":"Initial GetUpdates", "result":""}
{"logTime": "0602/214604", "correlationVector":"gH48e99iaWA5hh2bYvooqT.4","action":"GetUpdates Response", "result":"SYNCER_OK"}
{"logTime": "0602/214604", "correlationVector":"wOh/m5B3y4snb6UxkDQaAx","action":"Normal GetUpdate request", "result":""}
{"logTime": "0602/214604", "correlationVector":"wOh/m5B3y4snb6UxkDQaAx.1","action":"SyncServerConnectionManagerRequest", "result":"SYNC_SERVER_OK", "context":{"environment":"48F630A6-CB1B-4CC7-86AF-0F6627234B58", "server":"BN3PEPF00004284"}}
{"logTime": "0602/214604", "correlationVector":"wOh/m5B3y4snb6UxkDQaAx.2","action":"GetUpdates Response", "result":"SYNCER_OK"}
{"logTime": "0602/214922", "correlationVector":"tgBPZUW1SqbUbucYS8oEIg.0","action":"FeedSettingFetch_homeCloud", "result":"0", "context":{}}
{"logTime": "0602/214922", "correlationVector":"uu5lOhW87HEqheYMNwAxKx.1","action":"SyncServerConnectionManagerRequest", "result":"SYNC_SERVER_OK", "context":{"environment":"48F630A6-CB1B-4CC7-86AF-0F6627234B58", "server":"BN3PEPF00004286"}}
{"logTime": "0602/214922", "correlationVector":"uu5lOhW87HEqheYMNwAxKx.2","action":"AAD.Mip.Unpack", "result":"Success", "context":MIP_CLOUD_COMMERCIAL:Success}
{"logTime": "0602/214922", "correlationVector":"uu5lOhW87HEqheYMNwAxKx.3","action":"AAD.GetKeyResponse", "result":"Success", "context":Keys=3.LastKeyStatus=Normal. 2022-04-14 16:16:10 -03.State=None}
{"logTime": "0602/214922", "correlationVector":"uu5lOhW87HEqheYMNwAxKx","action":"Initial GetUpdates", "result":""}
{"logTime": "0602/214922", "correlationVector":"uu5lOhW87HEqheYMNwAxKx.4","action":"GetUpdates Response", "result":"SYNCER_OK"}
{"logTime": "0602/214922", "correlationVector":"U/oUnE2BSPHwfwBMNm+vHk","action":"Normal GetUpdate request", "result":""}
{"logTime": "0602/214922", "correlationVector":"U/oUnE2BSPHwfwBMNm+vHk.1","action":"SyncServerConnectionManagerRequest", "result":"SYNC_SERVER_OK", "context":{"environment":"48F630A6-CB1B-4CC7-86AF-0F6627234B58", "server":"BN3PEPF00004286"}}
{"logTime": "0602/214922", "correlationVector":"U/oUnE2BSPHwfwBMNm+vHk.2","action":"GetUpdates Response", "result":"SYNCER_OK"}
{"logTime": "0602/220412", "correlationVector":"qkHDJpz6//OUhWYWONFjdJ.0","action":"FeedSettingFetch_homeCloud", "result":"0", "context":{}}
{"logTime": "0602/220412", "correlationVector":"AxJcR7UfNTiyPZ/b3DYUqx.1","action":"SyncServerConnectionManagerRequest", "result":"SYNC_SERVER_OK", "context":{"environment":"48F630A6-CB1B-4CC7-86AF-0F6627234B58", "server":"BN3PEPF0000427F"}}
{"logTime": "0602/220412", "correlationVector":"AxJcR7UfNTiyPZ/b3DYUqx.2","action":"AAD.Mip.Unpack", "result":"Success", "context":MIP_CLOUD_COMMERCIAL:Success}
{"logTime": "0602/220412", "correlationVector":"AxJcR7UfNTiyPZ/b3DYUqx.3","action":"AAD.GetKeyResponse", "result":"Success", "context":Keys=3.LastKeyStatus=Normal. 2022-04-14 16:16:10 -03.State=None}
{"logTime": "0602/220412", "correlationVector":"AxJcR7UfNTiyPZ/b3DYUqx","action":"Initial GetUpdates", "result":""}
{"logTime": "0602/220412", "correlationVector":"AxJcR7UfNTiyPZ/b3DYUqx.4","action":"GetUpdates Response", "result":"SYNCER_OK"}
{"logTime": "0602/220412", "correlationVector":"NoFdTFzNegqibvjp2YLWGl","action":"Normal GetUpdate request", "result":""}
{"logTime": "0602/220412", "correlationVector":"NoFdTFzNegqibvjp2YLWGl.1","action":"SyncServerConnectionManagerRequest", "result":"SYNC_SERVER_OK", "context":{"environment":"48F630A6-CB1B-4CC7-86AF-0F6627234B58", "server":"BN3PEPF0000427F"}}
{"logTime": "0602/220412", "correlationVector":"NoFdTFzNegqibvjp2YLWGl.2","action":"GetUpdates Response", "result":"SYNCER_OK"}
{"logTime": "0602/222553", "correlationVector":"4QA2xzLWHuxRWYu22lAaoD.0","action":"FeedSettingFetch_homeCloud", "result":"0", "context":{}}
{"logTime": "0602/222553", "correlationVector":"R6vYCJHHJtXVtmVrE5rH/r.1","action":"SyncServerConnectionManagerRequest", "result":"SYNC_SERVER_OK", "context":{"environment":"48F630A6-CB1B-4CC7-86AF-0F6627234B58", "server":"BN3PEPF00004284"}}
{"logTime": "0602/222553", "correlationVector":"R6vYCJHHJtXVtmVrE5rH/r","action":"Initial GetUpdates", "result":""}
{"logTime": "0602/222553", "correlationVector":"R6vYCJHHJtXVtmVrE5rH/r.2","action":"GetUpdates Response", "result":"SYNCER_OK"}
{"logTime": "0602/222553", "correlationVector":"Yk9BIXzuCFMmKSLVkEueMK","action":"Normal GetUpdate request", "result":""}
{"logTime": "0602/222553", "correlationVector":"Yk9BIXzuCFMmKSLVkEueMK.1","action":"SyncServerConnectionManagerRequest", "result":"SYNC_SERVER_OK", "context":{"environment":"48F630A6-CB1B-4CC7-86AF-0F6627234B58", "server":"BN3PEPF00004284"}}
{"logTime": "0602/222553", "correlationVector":"Yk9BIXzuCFMmKSLVkEueMK.2","action":"AAD.Mip.Unpack", "result":"Success", "context":MIP_CLOUD_COMMERCIAL:Success}
{"logTime": "0602/222553", "correlationVector":"Yk9BIXzuCFMmKSLVkEueMK.3","action":"AAD.GetKeyResponse", "result":"Success", "context":Keys=3.LastKeyStatus=Normal. 2022-04-14 16:16:10 -03.State=None}
{"logTime": "0602/222553", "correlationVector":"Yk9BIXzuCFMmKSLVkEueMK.4","action":"GetUpdates Response", "result":"SYNCER_OK"}
{"logTime": "0602/222553", "correlationVector":"A8o6cypA4p4U8EWIqMu/Gc","action":"Normal GetUpdate request", "result":""}
{"logTime": "0602/222553", "correlationVector":"A8o6cypA4p4U8EWIqMu/Gc.1","action":"SyncServerConnectionManagerRequest", "result":"SYNC_SERVER_OK", "context":{"environment":"48F630A6-CB1B-4CC7-86AF-0F6627234B58", "server":"BN3PEPF00004284"}}
{"logTime": "0602/222554", "correlationVector":"A8o6cypA4p4U8EWIqMu/Gc.2","action":"GetUpdates Response", "result":"SYNCER_OK"}
{"logTime": "0602/223217", "correlationVector":"INVALID_CV","action":"FeedSettingFetch_homeCloud", "result":"4", "context":{"status_code":"3", "status_message":"Network Error: net::ERR_HTTP2_PROTOCOL_ERROR"}}
{"logTime": "0602/223217", "correlationVector":"INVALID_CV","action":"FeedSettingFetch_homeCloud", "result":"4", "context":{"status_code":"3", "status_message":"Network Error: net::ERR_HTTP2_PROTOCOL_ERROR"}}
{"logTime": "0602/223417", "correlationVector":"INVALID_CV","action":"FeedSettingFetch_homeCloud", "result":"4", "context":{"status_code":"3", "status_message":"Network Error: net::ERR_HTTP2_PROTOCOL_ERROR"}}
{"logTime": "0602/223425", "correlationVector":"INVALID_CV","action":"FeedSettingFetch_homeCloud", "result":"4", "context":{"status_code":"3", "status_message":"Network Error: net::ERR_HTTP2_PROTOCOL_ERROR"}}
{"logTime": "0602/223450", "correlationVector":"r/4KrZ6rVgtQgKBplOtvQ2.0","action":"FeedSettingFetch_homeCloud", "result":"0", "context":{}}
{"logTime": "0602/223452", "correlationVector":"Sj0/4PoBcnElQGlsSxwrYu.1","action":"SyncServerConnectionManagerRequest", "result":"SYNC_SERVER_OK", "context":{"environment":"48F630A6-CB1B-4CC7-86AF-0F6627234B58", "server":"BN3PEPF0000427F"}}
{"logTime": "0602/223454", "correlationVector":"Sj0/4PoBcnElQGlsSxwrYu.2","action":"AAD.Mip.Unpack", "result":"Success", "context":MIP_CLOUD_COMMERCIAL:Success}
{"logTime": "0602/223454", "correlationVector":"Sj0/4PoBcnElQGlsSxwrYu.3","action":"AAD.GetKeyResponse", "result":"Success", "context":Keys=3.LastKeyStatus=Normal. 2022-04-14 16:16:10 -03.State=None}
{"logTime": "0602/223454", "correlationVector":"Sj0/4PoBcnElQGlsSxwrYu","action":"Initial GetUpdates", "result":""}
{"logTime": "0602/223454", "correlationVector":"Sj0/4PoBcnElQGlsSxwrYu.4","action":"GetUpdates Response", "result":"SYNCER_OK"}
{"logTime": "0602/223454", "correlationVector":"yr2P6mcj5MUnN0Iyw3jm25","action":"Normal GetUpdate request", "result":""}
{"logTime": "0602/223454", "correlationVector":"yr2P6mcj5MUnN0Iyw3jm25.1","action":"SyncServerConnectionManagerRequest", "result":"SYNC_SERVER_OK", "context":{"environment":"48F630A6-CB1B-4CC7-86AF-0F6627234B58", "server":"BN3PEPF0000427F"}}
{"logTime": "0602/223454", "correlationVector":"yr2P6mcj5MUnN0Iyw3jm25.2","action":"GetUpdates Response", "result":"SYNCER_OK"}
{"logTime": "0602/224312", "correlationVector":"zU/lrOIhETsDPmggQJM0yc.0","action":"FeedSettingFetch_homeCloud", "result":"0", "context":{}}
{"logTime": "0602/224312", "correlationVector":"ZTbUICzdXUtd4U1qL4Y5+5.1","action":"SyncServerConnectionManagerRequest", "result":"SYNC_SERVER_OK", "context":{"environment":"48F630A6-CB1B-4CC7-86AF-0F6627234B58", "server":"BN3PEPF00001C3A"}}
{"logTime": "0602/224312", "correlationVector":"ZTbUICzdXUtd4U1qL4Y5+5.2","action":"AAD.Mip.Unpack", "result":"Success", "context":MIP_CLOUD_COMMERCIAL:Success}
{"logTime": "0602/224312", "correlationVector":"ZTbUICzdXUtd4U1qL4Y5+5.3","action":"AAD.GetKeyResponse", "result":"Success", "context":Keys=3.LastKeyStatus=Normal. 2022-04-14 16:16:10 -03.State=None}
{"logTime": "0602/224312", "correlationVector":"ZTbUICzdXUtd4U1qL4Y5+5","action":"Initial GetUpdates", "result":""}
{"logTime": "0602/224312", "correlationVector":"ZTbUICzdXUtd4U1qL4Y5+5.4","action":"GetUpdates Response", "result":"SYNCER_OK"}
{"logTime": "0602/224312", "correlationVector":"Y3l6XrFXWMsg7K2KEnkkHF","action":"Normal GetUpdate request", "result":""}
{"logTime": "0602/224312", "correlationVector":"Y3l6XrFXWMsg7K2KEnkkHF.1","action":"SyncServerConnectionManagerRequest", "result":"SYNC_SERVER_OK", "context":{"environment":"48F630A6-CB1B-4CC7-86AF-0F6627234B58", "server":"BN3PEPF00001C3A"}}
{"logTime": "0602/224312", "correlationVector":"Y3l6XrFXWMsg7K2KEnkkHF.2","action":"GetUpdates Response", "result":"SYNCER_OK"}
{"logTime": "0602/230749", "correlationVector":"XedoOBFO8hHlcVLbiS/OXN.0","action":"FeedSettingFetch_homeCloud", "result":"0", "context":{}}
{"logTime": "0602/230749", "correlationVector":"jNmqn6ChiEJjKlTSvbXkq/.1","action":"SyncServerConnectionManagerRequest", "result":"SYNC_SERVER_OK", "context":{"environment":"48F630A6-CB1B-4CC7-86AF-0F6627234B58", "server":"BY3PEPF00008E4E"}}
{"logTime": "0602/230749", "correlationVector":"jNmqn6ChiEJjKlTSvbXkq/.2","action":"AAD.Mip.Unpack", "result":"Success", "context":MIP_CLOUD_COMMERCIAL:Success}
{"logTime": "0602/230749", "correlationVector":"jNmqn6ChiEJjKlTSvbXkq/.3","action":"AAD.GetKeyResponse", "result":"Success", "context":Keys=3.LastKeyStatus=Normal. 2022-04-14 16:16:10 -03.State=None}
{"logTime": "0602/230749", "correlationVector":"jNmqn6ChiEJjKlTSvbXkq/","action":"Initial GetUpdates", "result":""}
{"logTime": "0602/230749", "correlationVector":"jNmqn6ChiEJjKlTSvbXkq/.4","action":"GetUpdates Response", "result":"SYNCER_OK"}
{"logTime": "0602/230749", "correlationVector":"RZL+JpTM5lQ0gCB5OSE7P5","action":"Normal GetUpdate request", "result":""}
{"logTime": "0602/230749", "correlationVector":"RZL+JpTM5lQ0gCB5OSE7P5.1","action":"SyncServerConnectionManagerRequest", "result":"SYNC_SERVER_OK", "context":{"environment":"48F630A6-CB1B-4CC7-86AF-0F6627234B58", "server":"BY3PEPF0000DADD"}}
{"logTime": "0602/230749", "correlationVector":"RZL+JpTM5lQ0gCB5OSE7P5.2","action":"GetUpdates Response", "result":"SYNCER_OK"}
{"logTime": "0602/232432", "correlationVector":"dLMRF1Yo0N3b7Q2iksl9D0.0","action":"FeedSettingFetch_homeCloud", "result":"0", "context":{}}
{"logTime": "0602/232432", "correlationVector":"gq8xeU3TBtXoe1QLtEqvnb.1","action":"SyncServerConnectionManagerRequest", "result":"SYNC_SERVER_OK", "context":{"environment":"48F630A6-CB1B-4CC7-86AF-0F6627234B58", "server":"BY3PEPF00008E4B"}}
{"logTime": "0602/232432", "correlationVector":"gq8xeU3TBtXoe1QLtEqvnb.2","action":"AAD.Mip.Unpack", "result":"Success", "context":MIP_CLOUD_COMMERCIAL:Success}
{"logTime": "0602/232432", "correlationVector":"gq8xeU3TBtXoe1QLtEqvnb.3","action":"AAD.GetKeyResponse", "result":"Success", "context":Keys=3.LastKeyStatus=Normal. 2022-04-14 16:16:10 -03.State=None}
{"logTime": "0602/232432", "correlationVector":"gq8xeU3TBtXoe1QLtEqvnb","action":"Initial GetUpdates", "result":""}
{"logTime": "0602/232432", "correlationVector":"gq8xeU3TBtXoe1QLtEqvnb.4","action":"GetUpdates Response", "result":"SYNCER_OK"}
{"logTime": "0602/232432", "correlationVector":"JblR3XU4lrmLooUxe0w4WA","action":"Normal GetUpdate request", "result":""}
{"logTime": "0602/232432", "correlationVector":"JblR3XU4lrmLooUxe0w4WA.1","action":"SyncServerConnectionManagerRequest", "result":"SYNC_SERVER_OK", "context":{"environment":"48F630A6-CB1B-4CC7-86AF-0F6627234B58", "server":"BY3PEPF00008E4B"}}
{"logTime": "0602/232432", "correlationVector":"JblR3XU4lrmLooUxe0w4WA.2","action":"GetUpdates Response", "result":"SYNCER_OK"}
{"logTime": "0602/233417", "correlationVector":"zE9b6hC7jh+8/IT+31ZUlA.0","action":"FeedSettingFetch_homeCloud", "result":"0", "context":{}}
{"logTime": "0602/233417", "correlationVector":"IFGV3eJLFD2ZtN1O0WqFjO.1","action":"SyncServerConnectionManagerRequest", "result":"SYNC_SERVER_OK", "context":{"environment":"48F630A6-CB1B-4CC7-86AF-0F6627234B58", "server":"BY3PEPF00008E55"}}
{"logTime": "0602/233417", "correlationVector":"IFGV3eJLFD2ZtN1O0WqFjO.2","action":"AAD.Mip.Unpack", "result":"Success", "context":MIP_CLOUD_COMMERCIAL:Success}
{"logTime": "0602/233417", "correlationVector":"IFGV3eJLFD2ZtN1O0WqFjO.3","action":"AAD.GetKeyResponse", "result":"Success", "context":Keys=3.LastKeyStatus=Normal. 2022-04-14 16:16:10 -03.State=None}
{"logTime": "0602/233417", "correlationVector":"IFGV3eJLFD2ZtN1O0WqFjO","action":"Initial GetUpdates", "result":""}
{"logTime": "0602/233417", "correlationVector":"IFGV3eJLFD2ZtN1O0WqFjO.4","action":"GetUpdates Response", "result":"SYNCER_OK"}
{"logTime": "0602/233417", "correlationVector":"+0lGiAjsSYHrDD/8LVbONF","action":"Normal GetUpdate request", "result":""}
{"logTime": "0602/233417", "correlationVector":"+0lGiAjsSYHrDD/8LVbONF.1","action":"SyncServerConnectionManagerRequest", "result":"SYNC_SERVER_OK", "context":{"environment":"48F630A6-CB1B-4CC7-86AF-0F6627234B58", "server":"BN3PEPF0000427D"}}
{"logTime": "0602/233417", "correlationVector":"+0lGiAjsSYHrDD/8LVbONF.2","action":"GetUpdates Response", "result":"SYNCER_OK"}
{"logTime": "0603/052618", "correlationVector":"/PKb6QzKYF80lIMyKfO/Up.0","action":"FeedSettingFetch_homeCloud", "result":"0", "context":{}}
{"logTime": "0603/052618", "correlationVector":"vFGJa4iT0ttX66UeqQsQnW.1","action":"SyncServerConnectionManagerRequest", "result":"SYNC_SERVER_OK", "context":{"environment":"48F630A6-CB1B-4CC7-86AF-0F6627234B58", "server":"BY3PEPF00008E4D"}}
{"logTime": "0603/052618", "correlationVector":"vFGJa4iT0ttX66UeqQsQnW.2","action":"AAD.Mip.Unpack", "result":"Success", "context":MIP_CLOUD_COMMERCIAL:Success}
{"logTime": "0603/052618", "correlationVector":"vFGJa4iT0ttX66UeqQsQnW.3","action":"AAD.GetKeyResponse", "result":"Success", "context":Keys=3.LastKeyStatus=Normal. 2022-04-14 16:16:10 -03.State=None}
{"logTime": "0603/052618", "correlationVector":"vFGJa4iT0ttX66UeqQsQnW","action":"Initial GetUpdates", "result":""}
{"logTime": "0603/052618", "correlationVector":"vFGJa4iT0ttX66UeqQsQnW.4","action":"GetUpdates Response", "result":"SYNCER_OK"}
{"logTime": "0603/052618", "correlationVector":"+lTNlxjrfHjIY+UZ36Uize","action":"Normal GetUpdate request", "result":""}
{"logTime": "0603/052618", "correlationVector":"+lTNlxjrfHjIY+UZ36Uize.1","action":"SyncServerConnectionManagerRequest", "result":"SYNC_SERVER_OK", "context":{"environment":"48F630A6-CB1B-4CC7-86AF-0F6627234B58", "server":"BN3PEPF0000427E"}}
{"logTime": "0603/052618", "correlationVector":"+lTNlxjrfHjIY+UZ36Uize.2","action":"GetUpdates Response", "result":"SYNCER_OK"}
{"logTime": "0603/205826", "correlationVector":"ZYVvkOCCHe++5NiQ9Z+nM3.0","action":"FeedSettingFetch_homeCloud", "result":"0", "context":{}}
{"logTime": "0603/205826", "correlationVector":"fzLVUeWA32DG1OecokIPmd.1","action":"SyncServerConnectionManagerRequest", "result":"SYNC_SERVER_OK", "context":{"environment":"48F630A6-CB1B-4CC7-86AF-0F6627234B58", "server":"BN3PEPF000027FE"}}
{"logTime": "0603/205826", "correlationVector":"fzLVUeWA32DG1OecokIPmd.2","action":"AAD.Mip.Unpack", "result":"Success", "context":MIP_CLOUD_COMMERCIAL:Success}
{"logTime": "0603/205826", "correlationVector":"fzLVUeWA32DG1OecokIPmd.3","action":"AAD.GetKeyResponse", "result":"Success", "context":Keys=3.LastKeyStatus=Normal. 2022-04-14 16:16:10 -03.State=None}
{"logTime": "0603/205826", "correlationVector":"fzLVUeWA32DG1OecokIPmd","action":"Initial GetUpdates", "result":""}
{"logTime": "0603/205826", "correlationVector":"fzLVUeWA32DG1OecokIPmd.4","action":"GetUpdates Response", "result":"SYNCER_OK"}
{"logTime": "0603/205826", "correlationVector":"sn422R58gpEg9YQEcpIAh1","action":"Normal GetUpdate request", "result":""}
{"logTime": "0603/205826", "correlationVector":"sn422R58gpEg9YQEcpIAh1.1","action":"SyncServerConnectionManagerRequest", "result":"SYNC_SERVER_OK", "context":{"environment":"48F630A6-CB1B-4CC7-86AF-0F6627234B58", "server":"BN3PEPF000027FE"}}
{"logTime": "0603/205826", "correlationVector":"sn422R58gpEg9YQEcpIAh1.2","action":"GetUpdates Response", "result":"SYNCER_OK"}
{"logTime": "0603/205847", "correlationVector":"w6RMIlrDe1qE9KaZ6c1avc","action":"Poll GetUpdate request", "result":""}
{"logTime": "0603/205849", "correlationVector":"w6RMIlrDe1qE9KaZ6c1avc.1","action":"SyncServerConnectionManagerRequest", "result":"SYNC_SERVER_OK", "context":{"environment":"48F630A6-CB1B-4CC7-86AF-0F6627234B58", "server":"BY3PEPF0000DAE1"}}
{"logTime": "0603/205849", "correlationVector":"w6RMIlrDe1qE9KaZ6c1avc.2","action":"GetUpdates Response", "result":"SYNCER_OK"}
{"logTime": "0604/120334", "correlationVector":"TlKEjgHGqeV0VJak5cr+C9.0","action":"FeedSettingFetch_homeCloud", "result":"0", "context":{}}
{"logTime": "0604/120334", "correlationVector":"o8h3gHJ38CPGFGYpSpyjB2.1","action":"SyncServerConnectionManagerRequest", "result":"SYNC_SERVER_OK", "context":{"environment":"48F630A6-CB1B-4CC7-86AF-0F6627234B58", "server":"BY3PEPF00008E3E"}}
{"logTime": "0604/120334", "correlationVector":"o8h3gHJ38CPGFGYpSpyjB2.2","action":"AAD.Mip.Unpack", "result":"Success", "context":MIP_CLOUD_COMMERCIAL:Success}
{"logTime": "0604/120334", "correlationVector":"o8h3gHJ38CPGFGYpSpyjB2.3","action":"AAD.GetKeyResponse", "result":"Success", "context":Keys=3.LastKeyStatus=Normal. 2022-04-14 16:16:10 -03.State=None}
{"logTime": "0604/120334", "correlationVector":"o8h3gHJ38CPGFGYpSpyjB2","action":"Initial GetUpdates", "result":""}
{"logTime": "0604/120334", "correlationVector":"o8h3gHJ38CPGFGYpSpyjB2.4","action":"GetUpdates Response", "result":"SYNCER_OK"}
{"logTime": "0604/120334", "correlationVector":"V2Im6N5dLkSquEiqaYqg0n","action":"Normal GetUpdate request", "result":""}
{"logTime": "0604/120334", "correlationVector":"V2Im6N5dLkSquEiqaYqg0n.1","action":"SyncServerConnectionManagerRequest", "result":"SYNC_SERVER_OK", "context":{"environment":"48F630A6-CB1B-4CC7-86AF-0F6627234B58", "server":"BY3PEPF00008E3E"}}
{"logTime": "0604/120334", "correlationVector":"V2Im6N5dLkSquEiqaYqg0n.2","action":"GetUpdates Response", "result":"SYNCER_OK"}
{"logTime": "0604/120334", "correlationVector":"AhIbXYXviLTzBkwkGOeFYc","action":"Commit Request", "result":""}
{"logTime": "0604/120334", "correlationVector":"AhIbXYXviLTzBkwkGOeFYc.1","action":"SyncServerConnectionManagerRequest", "result":"SYNC_SERVER_OK", "context":{"environment":"48F630A6-CB1B-4CC7-86AF-0F6627234B58", "server":"BY3PEPF00008E3E"}}
{"logTime": "0604/120334", "correlationVector":"AhIbXYXviLTzBkwkGOeFYc.2","action":"Commit Response", "result":"SYNCER_OK"}
{"logTime": "0604/120511", "correlationVector":"kt7F0NGUytvhZAMDdOMTDl","action":"Poll GetUpdate request", "result":""}
{"logTime": "0604/120512", "correlationVector":"kt7F0NGUytvhZAMDdOMTDl.1","action":"SyncServerConnectionManagerRequest", "result":"SYNC_SERVER_OK", "context":{"environment":"48F630A6-CB1B-4CC7-86AF-0F6627234B58", "server":"BY3PEPF00008E42"}}
{"logTime": "0604/120512", "correlationVector":"kt7F0NGUytvhZAMDdOMTDl.2","action":"GetUpdates Response", "result":"SYNCER_OK"}
{"logTime": "0604/121534", "correlationVector":"8iBo5XX8vkfsfkBCtbtLDc.0","action":"FeedSettingFetch_homeCloud", "result":"0", "context":{}}
{"logTime": "0604/121534", "correlationVector":"J0yPwpswaF7mA3rT2Cw8IB.1","action":"SyncServerConnectionManagerRequest", "result":"SYNC_SERVER_OK", "context":{"environment":"48F630A6-CB1B-4CC7-86AF-0F6627234B58", "server":"BY3PEPF00008E55"}}
{"logTime": "0604/121534", "correlationVector":"J0yPwpswaF7mA3rT2Cw8IB.2","action":"AAD.Mip.Unpack", "result":"Success", "context":MIP_CLOUD_COMMERCIAL:Success}
{"logTime": "0604/121534", "correlationVector":"J0yPwpswaF7mA3rT2Cw8IB.3","action":"AAD.GetKeyResponse", "result":"Success", "context":Keys=3.LastKeyStatus=Normal. 2022-04-14 16:16:10 -03.State=None}
{"logTime": "0604/121534", "correlationVector":"J0yPwpswaF7mA3rT2Cw8IB","action":"Initial GetUpdates", "result":""}
{"logTime": "0604/121534", "correlationVector":"J0yPwpswaF7mA3rT2Cw8IB.4","action":"GetUpdates Response", "result":"SYNCER_OK"}
{"logTime": "0604/121534", "correlationVector":"L9qjl4mgMuVNr9gWhYO4GF","action":"Normal GetUpdate request", "result":""}
{"logTime": "0604/121534", "correlationVector":"L9qjl4mgMuVNr9gWhYO4GF.1","action":"SyncServerConnectionManagerRequest", "result":"SYNC_SERVER_OK", "context":{"environment":"48F630A6-CB1B-4CC7-86AF-0F6627234B58", "server":"BY3PEPF00008E55"}}
{"logTime": "0604/121534", "correlationVector":"L9qjl4mgMuVNr9gWhYO4GF.2","action":"GetUpdates Response", "result":"SYNCER_OK"}
